<?xml version="1.0" encoding="UTF-8"?>
<!-- Generated by org.testng.reporters.JUnitReportReporter -->
<testsuite skipped="0" hostname="Madhukars-MacBook-Pro.local" name="com.maven.selenium.appium.AndroidCapabilities" tests="1" failures="0" timestamp="24 Feb 2019 01:06:23 GMT" time="0.585" errors="0">
  <testcase name="androidTest" time="0.585" classname="com.maven.selenium.appium.AndroidCapabilities"/>
</testsuite> <!-- com.maven.selenium.appium.AndroidCapabilities -->
