<?xml version="1.0" encoding="UTF-8"?>
<!-- Generated by org.testng.reporters.JUnitReportReporter -->
<testsuite skipped="0" hostname="Madhukars-MacBook-Pro.local" name="com.maven.selenium.appium.appiumCapabilities" tests="1" failures="0" timestamp="13 May 2018 22:38:24 GMT" time="0.151" errors="0">
  <testcase name="findElements" time="0.151" classname="com.maven.selenium.appium.appiumCapabilities"/>
</testsuite> <!-- com.maven.selenium.appium.appiumCapabilities -->
