<?xml version="1.0" encoding="UTF-8"?>
<!-- Generated by org.testng.reporters.JUnitReportReporter -->
<testsuite skipped="0" hostname="Madhukars-MacBook-Pro.local" name="com.maven.selenium.appium.AndroidCapabilities" tests="1" failures="0" timestamp="23 Feb 2019 18:37:12 GMT" time="0.695" errors="0">
  <testcase name="test" time="0.695" classname="com.maven.selenium.appium.AndroidCapabilities"/>
</testsuite> <!-- com.maven.selenium.appium.AndroidCapabilities -->
