<?xml version="1.0" encoding="UTF-8"?>
<!-- Generated by org.testng.reporters.JUnitReportReporter -->
<testsuite skipped="0" hostname="Madhukars-MacBook-Pro.local" name="com.maven.selenium.appium.appiumCapabilities" tests="1" failures="0" timestamp="09 May 2018 12:35:52 GMT" time="0.141" errors="0">
  <testcase name="findElements" time="0.141" classname="com.maven.selenium.appium.appiumCapabilities"/>
</testsuite> <!-- com.maven.selenium.appium.appiumCapabilities -->
